<?xml version="1.0" encoding="UTF-8"?>
<!-- Generated by org.testng.reporters.JUnitReportReporter -->
<testsuite hostname="DESKTOP-SD9RIC8" failures="0" tests="1" name="com.hrms.TestScripts.TC_102" time="0.063" errors="1" timestamp="2022-10-15T17:08:00 IST" skipped="0">
  <testcase classname="com.hrms.TestScripts.TC_102" name="tc002" time="0.063">
    <error message="Unresolved compilation problems: 
	Syntax error on token &quot;.&quot;, @ expected after this token
	Syntax error on token &quot;;&quot;, @ expected
	Syntax error on token &quot;;&quot;, @ expected
	Syntax error, insert &quot;SimpleName&quot; to complete QualifiedName
	Syntax error, insert &quot;Identifier (&quot; to complete MethodHeaderName
	Syntax error, insert &quot;)&quot; to complete MethodDeclaration
	Syntax error on token &quot;}&quot;, delete this token
" type="java.lang.Error">
      <![CDATA[java.lang.Error: Unresolved compilation problems: 
Syntax error on token ".", @ expected after this token
Syntax error on token ";", @ expected
Syntax error on token ";", @ expected
Syntax error, insert "SimpleName" to complete QualifiedName
Syntax error, insert "Identifier (" to complete MethodHeaderName
Syntax error, insert ")" to complete MethodDeclaration
Syntax error on token "}", delete this token

at com.hrms.lib.General.<init>(General.java:14)
at com.hrms.TestScripts.TC_102.tc002(TC_102.java:13)
at java.base/jdk.internal.reflect.DirectMethodHandleAccessor.invoke(DirectMethodHandleAccessor.java:104)
at java.base/java.lang.reflect.Method.invoke(Method.java:577)
at org.testng.internal.MethodInvocationHelper.invokeMethod(MethodInvocationHelper.java:133)
at org.testng.internal.TestInvoker.invokeMethod(TestInvoker.java:598)
at org.testng.internal.TestInvoker.invokeTestMethod(TestInvoker.java:173)
at org.testng.internal.MethodRunner.runInSequence(MethodRunner.java:46)
at org.testng.internal.TestInvoker$MethodInvocationAgent.invoke(TestInvoker.java:824)
at org.testng.internal.TestInvoker.invokeTestMethods(TestInvoker.java:146)
at org.testng.internal.TestMethodWorker.invokeTestMethods(TestMethodWorker.java:146)
at org.testng.internal.TestMethodWorker.run(TestMethodWorker.java:128)
at java.base/java.util.ArrayList.forEach(ArrayList.java:1511)
at org.testng.TestRunner.privateRun(TestRunner.java:794)
at org.testng.TestRunner.run(TestRunner.java:596)
at org.testng.SuiteRunner.runTest(SuiteRunner.java:377)
at org.testng.SuiteRunner.runSequentially(SuiteRunner.java:371)
at org.testng.SuiteRunner.privateRun(SuiteRunner.java:332)
at org.testng.SuiteRunner.run(SuiteRunner.java:276)
at org.testng.SuiteRunnerWorker.runSuite(SuiteRunnerWorker.java:53)
at org.testng.SuiteRunnerWorker.run(SuiteRunnerWorker.java:96)
at org.testng.TestNG.runSuitesSequentially(TestNG.java:1212)
at org.testng.TestNG.runSuitesLocally(TestNG.java:1134)
at org.testng.TestNG.runSuites(TestNG.java:1063)
at org.testng.TestNG.run(TestNG.java:1031)
at org.testng.remote.AbstractRemoteTestNG.run(AbstractRemoteTestNG.java:115)
at org.testng.remote.RemoteTestNG.initAndRun(RemoteTestNG.java:251)
at org.testng.remote.RemoteTestNG.main(RemoteTestNG.java:77)
]]>
    </error>
  </testcase> <!-- tc002 -->
  <system-out/>
</testsuite> <!-- com.hrms.TestScripts.TC_102 -->
